#
# A fatal error has been detected by the Java Runtime Environment:
#
#  EXCEPTION_ACCESS_VIOLATION (0xc0000005) at pc=0x00007ffa5a16c1c4, pid=1880, tid=19792
#
# JRE version: Java(TM) SE Runtime Environment (18.0.2.1+1) (build 18.0.2.1+1-1)
# Java VM: Java HotSpot(TM) 64-Bit Server VM (18.0.2.1+1-1, mixed mode, sharing, tiered, compressed oops, compressed class ptrs, g1 gc, windows-amd64)
# Problematic frame:
# C  [cyjagent.dll+0xc1c4]
#
# No core dump will be written. Minidumps are not enabled by default on client versions of Windows
#
# If you would like to submit a bug report, please visit:
#   https://bugreport.java.com/bugreport/crash.jsp
# The crash happened outside the Java Virtual Machine in native code.
# See problematic frame for where to report the bug.
#

---------------  S U M M A R Y ------------

Command Line: -javaagent:C:\Users\hamza.iqbal1\AppData\Local\JetBrains\IntelliJ IDEA 2023.1.2\lib\idea_rt.jar=60437:C:\Users\hamza.iqbal1\AppData\Local\JetBrains\IntelliJ IDEA 2023.1.2\bin -Dfile.encoding=UTF-8 -Dsun.stdout.encoding=UTF-8 -Dsun.stderr.encoding=UTF-8 -agentpath:C:\Program Files\Palo Alto Networks\Traps\cyjagent.dll oop.WrapperClass

Host: Intel(R) Core(TM) i5-10210U CPU @ 1.60GHz, 8 cores, 15G,  Windows 10 , 64 bit Build 19041 (10.0.19041.3393)
Time: Sun Nov  5 17:12:53 2023 Pakistan Standard Time elapsed time: 0.152118 seconds (0d 0h 0m 0s)

---------------  T H R E A D  ---------------

Current thread (0x000001a02315f8c0):  JavaThread "Monitor Ctrl-Break" daemon [_thread_in_native, id=19792, stack(0x000000172c500000,0x000000172c600000)]

Stack: [0x000000172c500000,0x000000172c600000],  sp=0x000000172c5fdd90,  free space=1015k
Native frames: (J=compiled Java code, j=interpreted, Vv=VM code, C=native code)
C  [cyjagent.dll+0xc1c4]

Java frames: (J=compiled Java code, j=interpreted, Vv=VM code)
j  sun.nio.ch.NioSocketImpl.beginConnect(Ljava/net/InetAddress;I)Ljava/io/FileDescriptor;+117 java.base@18.0.2.1
j  sun.nio.ch.NioSocketImpl.connect(Ljava/net/SocketAddress;I)V+86 java.base@18.0.2.1
j  java.net.SocksSocketImpl.connect(Ljava/net/SocketAddress;I)V+410 java.base@18.0.2.1
j  java.net.Socket.connect(Ljava/net/SocketAddress;I)V+168 java.base@18.0.2.1
j  java.net.Socket.connect(Ljava/net/SocketAddress;)V+3 java.base@18.0.2.1
j  java.net.Socket.<init>(Ljava/net/SocketAddress;Ljava/net/SocketAddress;Z)V+77 java.base@18.0.2.1
j  java.net.Socket.<init>(Ljava/lang/String;I)V+34 java.base@18.0.2.1
j  com.intellij.rt.execution.application.AppMainV2$1.run()V+10
v  ~StubRoutines::call_stub

siginfo: EXCEPTION_ACCESS_VIOLATION (0xc0000005), reading address 0x0000000000000000


Register to memory mapping:

RIP=0x00007ffa5a16c1c4 cyjagent.dll
RAX=0x0 is NULL
RBX=0x000001a02315fb50 points into unknown readable memory: 0x00007ff9c13f4720 | 20 47 3f c1 f9 7f 00 00
RCX=0x0 is NULL
RDX=0x000001a079ad74f0 points into unknown readable memory: 0x000001a02315f8c0 | c0 f8 15 23 a0 01 00 00
RSP=0x000000172c5fdd90 is pointing into the stack for thread: 0x000001a02315f8c0
RBP=0x000001a07bb5f8d0 points into unknown readable memory: 0x000001a07ba82820 | 20 28 a8 7b a0 01 00 00
RSI=0x0 is NULL
RDI=0x000001a01ee20e28 points into unknown readable memory: 0x2f74656e2f6e7573 | 73 75 6e 2f 6e 65 74 2f
R8 =0x000000172c5fdc08 is pointing into the stack for thread: 0x000001a02315f8c0
R9 =0x000001a07bb5f8d0 points into unknown readable memory: 0x000001a07ba82820 | 20 28 a8 7b a0 01 00 00
R10=0x0 is NULL
R11=0x0000000000000246 is an unknown value
R12=0x000001a01ee20e28 points into unknown readable memory: 0x2f74656e2f6e7573 | 73 75 6e 2f 6e 65 74 2f
R13=0x000000172c5fe350 is pointing into the stack for thread: 0x000001a02315f8c0
R14=0x000001a02315f8c0 is a thread
R15=0x0 is NULL


Registers:
RAX=0x0000000000000000, RBX=0x000001a02315fb50, RCX=0x0000000000000000, RDX=0x000001a079ad74f0
RSP=0x000000172c5fdd90, RBP=0x000001a07bb5f8d0, RSI=0x0000000000000000, RDI=0x000001a01ee20e28
R8 =0x000000172c5fdc08, R9 =0x000001a07bb5f8d0, R10=0x0000000000000000, R11=0x0000000000000246
R12=0x000001a01ee20e28, R13=0x000000172c5fe350, R14=0x000001a02315f8c0, R15=0x0000000000000000
RIP=0x00007ffa5a16c1c4, EFLAGS=0x0000000000010202

Top of Stack: (sp=0x000000172c5fdd90)
0x000000172c5fdd90:   000001a01ee20e28 000001a02315fb50
0x000000172c5fdda0:   000000001f030000 000001a01ee20b40
0x000000172c5fddb0:   0000010000000010 00007ff9c0d5a896
0x000000172c5fddc0:   000001a01eccfcb0 000001a07bb5f8d0
0x000000172c5fddd0:   0000000000000010 000000172c5fdfa0
0x000000172c5fdde0:   000001a079e9cfd0 0000000000000000
0x000000172c5fddf0:   000001a02315f8c0 00007ff9c0e75110
0x000000172c5fde00:   000001a079e9cfd0 0000000000000000
0x000000172c5fde10:   000000172c5fdfa0 0000000000000000
0x000000172c5fde20:   000001a01ee20e28 0000000000000000
0x000000172c5fde30:   000001a000000286 000001a01ee20b70
0x000000172c5fde40:   000000172c5fdf38 000000172c5fde58
0x000000172c5fde50:   000001a000000000 0000000000000000
0x000000172c5fde60:   0000000000000000 000001a01f09eec0
0x000000172c5fde70:   000001a0231d1440 000001a01ee20b30
0x000000172c5fde80:   000001a01ee20e40 000001a01ee20f18 

Instructions: (pc=0x00007ffa5a16c1c4)
0x00007ffa5a16c0c4:   00 00 03 72 2d 44 8b ce 48 8d 05 3d e0 01 00 ba
0x00007ffa5a16c0d4:   2f 00 00 00 4e 8b 0c c8 48 8b 89 b0 02 00 00 4c
0x00007ffa5a16c0e4:   8d 05 56 df 01 00 e8 51 50 ff ff 48 8b 0d ea 38
0x00007ffa5a16c0f4:   02 00 48 3b cb 74 68 f6 81 bc 02 00 00 10 74 5f
0x00007ffa5a16c104:   80 b9 b9 02 00 00 02 72 56 4c 8b 8c 24 90 00 00
0x00007ffa5a16c114:   00 4c 8d 05 24 df 01 00 48 8b 89 b0 02 00 00 ba
0x00007ffa5a16c124:   31 00 00 00 e8 13 50 ff ff eb 34 49 8b 0f 4c 8b
0x00007ffa5a16c134:   c3 48 8b d6 e8 d3 63 00 00 48 8b 84 24 b0 00 00
0x00007ffa5a16c144:   00 89 18 48 8b 0d 6a 4c 02 00 4c 8b c6 33 d2 ff
0x00007ffa5a16c154:   15 97 50 01 00 eb 08 a8 02 75 04 c6 47 40 01 b8
0x00007ffa5a16c164:   ff ff ff ff f0 0f c1 47 10 4c 8b b4 24 88 00 00
0x00007ffa5a16c174:   00 83 f8 01 75 42 48 8b 4f 18 48 81 c1 70 01 00
0x00007ffa5a16c184:   00 ff 15 1d 51 01 00 48 8b 0f 48 8b 47 08 48 89
0x00007ffa5a16c194:   08 48 89 41 08 48 8b 4f 18 48 81 c1 70 01 00 00
0x00007ffa5a16c1a4:   ff 15 06 51 01 00 48 8b 0d 07 4c 02 00 4c 8b c7
0x00007ffa5a16c1b4:   33 d2 ff 15 34 50 01 00 48 8b 4d 20 48 8b 55 10
0x00007ffa5a16c1c4:   48 8b 01 48 8b 80 08 01 00 00 ff 15 0c 51 01 00
0x00007ffa5a16c1d4:   85 c0 74 40 48 8b 0d 01 38 02 00 48 8d 15 fa 37
0x00007ffa5a16c1e4:   02 00 48 3b ca 74 2d f6 81 bc 02 00 00 10 74 24
0x00007ffa5a16c1f4:   80 b9 b9 02 00 00 03 72 1b 48 8b 89 b0 02 00 00
0x00007ffa5a16c204:   4c 8d 05 35 de 01 00 ba 15 00 00 00 44 8b c8 e8
0x00007ffa5a16c214:   68 4e ff ff 48 8b 6c 24 78 48 8b b4 24 80 00 00
0x00007ffa5a16c224:   00 48 83 c4 50 41 5f 5f 5b c3 cc cc 40 57 48 83
0x00007ffa5a16c234:   ec 30 f6 81 78 01 00 00 04 48 8b f9 0f 85 87 02
0x00007ffa5a16c244:   00 00 48 89 5c 24 40 45 33 c9 48 89 6c 24 48 33
0x00007ffa5a16c254:   d2 48 89 74 24 50 48 8b 71 20 45 8d 41 32 48 8b
0x00007ffa5a16c264:   ce 48 8b 06 48 8b 40 08 ff 15 6e 50 01 00 48 8d
0x00007ffa5a16c274:   2d 67 37 02 00 85 c0 74 37 48 8b 0d 5c 37 02 00
0x00007ffa5a16c284:   48 3b cd 74 2b f6 81 bc 02 00 00 10 74 22 80 b9
0x00007ffa5a16c294:   b9 02 00 00 02 72 19 48 8b 89 b0 02 00 00 ba 11
0x00007ffa5a16c2a4:   00 00 00 89 44 24 20 44 8d 4a 21 e8 7c dc ff ff
0x00007ffa5a16c2b4:   48 8b 06 45 33 c9 33 d2 48 8b ce 48 8b 40 08 45 


Stack slot to memory mapping:
stack at sp + 0 slots: 0x000001a01ee20e28 points into unknown readable memory: 0x2f74656e2f6e7573 | 73 75 6e 2f 6e 65 74 2f
stack at sp + 1 slots: 0x000001a02315fb50 points into unknown readable memory: 0x00007ff9c13f4720 | 20 47 3f c1 f9 7f 00 00
stack at sp + 2 slots: 0x000000001f030000 is an unknown value
stack at sp + 3 slots: 0x000001a01ee20b40 points into unknown readable memory: 0x2f74656e2f6e7573 | 73 75 6e 2f 6e 65 74 2f
stack at sp + 4 slots: 0x0000010000000010 is an unknown value
stack at sp + 5 slots: 0x00007ff9c0d5a896 jvm.dll
stack at sp + 6 slots: 0x000001a01eccfcb0 points into unknown readable memory: 0x757300101e99ffff | ff ff 99 1e 10 00 73 75
stack at sp + 7 slots: 0x000001a07bb5f8d0 points into unknown readable memory: 0x000001a07ba82820 | 20 28 a8 7b a0 01 00 00


---------------  P R O C E S S  ---------------

Threads class SMR info:
_java_thread_list=0x000001a01ede6930, length=12, elements={
0x000001a01edca470, 0x000001a01edccd40, 0x000001a01ede7b20, 0x000001a01ede83d0,
0x000001a01ede8c80, 0x000001a01ede9670, 0x000001a01edec260, 0x000001a01edf11a0,
0x000001a01edfdab0, 0x000001a01eda9c20, 0x000001a02315f8c0, 0x000001a023162c70
}

Java Threads: ( => current thread )
  0x000001a01edca470 JavaThread "Reference Handler" daemon [_thread_blocked, id=14392, stack(0x000000172bb00000,0x000000172bc00000)]
  0x000001a01edccd40 JavaThread "Finalizer" daemon [_thread_blocked, id=23192, stack(0x000000172bc00000,0x000000172bd00000)]
  0x000001a01ede7b20 JavaThread "Signal Dispatcher" daemon [_thread_blocked, id=16620, stack(0x000000172bd00000,0x000000172be00000)]
  0x000001a01ede83d0 JavaThread "Attach Listener" daemon [_thread_blocked, id=25396, stack(0x000000172be00000,0x000000172bf00000)]
  0x000001a01ede8c80 JavaThread "Service Thread" daemon [_thread_blocked, id=16732, stack(0x000000172bf00000,0x000000172c000000)]
  0x000001a01ede9670 JavaThread "Monitor Deflation Thread" daemon [_thread_blocked, id=24212, stack(0x000000172c000000,0x000000172c100000)]
  0x000001a01edec260 JavaThread "C2 CompilerThread0" daemon [_thread_blocked, id=13416, stack(0x000000172c100000,0x000000172c200000)]
  0x000001a01edf11a0 JavaThread "C1 CompilerThread0" daemon [_thread_blocked, id=24028, stack(0x000000172c200000,0x000000172c300000)]
  0x000001a01edfdab0 JavaThread "Sweeper thread" daemon [_thread_blocked, id=23060, stack(0x000000172c300000,0x000000172c400000)]
  0x000001a01eda9c20 JavaThread "Common-Cleaner" daemon [_thread_blocked, id=26108, stack(0x000000172c400000,0x000000172c500000)]
=>0x000001a02315f8c0 JavaThread "Monitor Ctrl-Break" daemon [_thread_in_native, id=19792, stack(0x000000172c500000,0x000000172c600000)]
  0x000001a023162c70 JavaThread "Notification Thread" daemon [_thread_blocked, id=11956, stack(0x000000172c600000,0x000000172c700000)]

Other Threads:
  0x000001a079f43a60 VMThread "VM Thread" [stack: 0x000000172ba00000,0x000000172bb00000] [id=14424] _threads_hazard_ptr=0x000001a01ede6930
  0x000001a079f1c4b0 WorkerThread "GC Thread#0" [stack: 0x000000172b500000,0x000000172b600000] [id=12596]
  0x000001a079badf20 ConcurrentGCThread "G1 Main Marker" terminated
  0x000001a079bae910 WorkerThread "G1 Conc#0" [stack: 0x000000172b700000,0x000000172b800000] [id=23184]
  0x000001a01ec6de20 ConcurrentGCThread "G1 Refine#0" terminated
  0x000001a01ec6f650 ConcurrentGCThread "G1 Service" terminated

Threads with active compile tasks:

VM state: at safepoint (normal execution)

VM Mutex/Monitor currently owned by a thread:  ([mutex/lock_event])
[0x000001a079eaa7e0] Threads_lock - owner thread: 0x000001a079f43a60
[0x000001a079ea9ca0] Heap_lock - owner thread: 0x000001a079eae770

Heap address: 0x0000000703000000, size: 4048 MB, Compressed Oops mode: Zero based, Oop shift amount: 3

CDS archive(s) mapped at: [0x0000000800000000-0x0000000800ba0000-0x0000000800ba0000), size 12189696, SharedBaseAddress: 0x0000000800000000, ArchiveRelocationMode: 0.
Compressed class space mapped at: 0x0000000800c00000-0x0000000840c00000, reserved size: 1073741824
Narrow klass base: 0x0000000800000000, Narrow klass shift: 0, Narrow klass range: 0x100000000

GC Precious Log:
 CardTable entry size: 512
 Card Set container configuration: InlinePtr #cards 4 size 8 Array Of Cards #cards 16 size 48 Howl #buckets 8 coarsen threshold 3686 Howl Bitmap #cards 512 size 80 coarsen threshold 460 Card regions per heap region 1 cards per card region 4096
 CPUs: 8 total, 8 available
 Memory: 16190M
 Large Page Support: Disabled
 NUMA Support: Disabled
 Compressed Oops: Enabled (Zero based)
 Heap Region Size: 2M
 Heap Min Capacity: 8M
 Heap Initial Capacity: 254M
 Heap Max Capacity: 4048M
 Pre-touch: Disabled
 Parallel Workers: 8
 Concurrent Workers: 2
 Concurrent Refinement Workers: 8
 Periodic GC: Disabled

Heap:
 garbage-first heap   total 260096K, used 2048K [0x0000000703000000, 0x0000000800000000)
  region size 2048K, 2 young (4096K), 0 survivors (0K)
 Metaspace       used 729K, committed 832K, reserved 1114112K
  class space    used 55K, committed 128K, reserved 1048576K

Heap Regions: E=young(eden), S=young(survivor), O=old, HS=humongous(starts), HC=humongous(continues), CS=collection set, F=free, OA=open archive, CA=closed archive, TAMS=top-at-mark-start (previous, next)
|   0|0x0000000703000000, 0x0000000703000000, 0x0000000703200000|  0%| F|  |TAMS 0x0000000703000000, 0x0000000703000000| Untracked 
|   1|0x0000000703200000, 0x0000000703200000, 0x0000000703400000|  0%| F|  |TAMS 0x0000000703200000, 0x0000000703200000| Untracked 
|   2|0x0000000703400000, 0x0000000703400000, 0x0000000703600000|  0%| F|  |TAMS 0x0000000703400000, 0x0000000703400000| Untracked 
|   3|0x0000000703600000, 0x0000000703600000, 0x0000000703800000|  0%| F|  |TAMS 0x0000000703600000, 0x0000000703600000| Untracked 
|   4|0x0000000703800000, 0x0000000703800000, 0x0000000703a00000|  0%| F|  |TAMS 0x0000000703800000, 0x0000000703800000| Untracked 
|   5|0x0000000703a00000, 0x0000000703a00000, 0x0000000703c00000|  0%| F|  |TAMS 0x0000000703a00000, 0x0000000703a00000| Untracked 
|   6|0x0000000703c00000, 0x0000000703c00000, 0x0000000703e00000|  0%| F|  |TAMS 0x0000000703c00000, 0x0000000703c00000| Untracked 
|   7|0x0000000703e00000, 0x0000000703e00000, 0x0000000704000000|  0%| F|  |TAMS 0x0000000703e00000, 0x0000000703e00000| Untracked 
|   8|0x0000000704000000, 0x0000000704000000, 0x0000000704200000|  0%| F|  |TAMS 0x0000000704000000, 0x0000000704000000| Untracked 
|   9|0x0000000704200000, 0x0000000704200000, 0x0000000704400000|  0%| F|  |TAMS 0x0000000704200000, 0x0000000704200000| Untracked 
|  10|0x0000000704400000, 0x0000000704400000, 0x0000000704600000|  0%| F|  |TAMS 0x0000000704400000, 0x0000000704400000| Untracked 
|  11|0x0000000704600000, 0x0000000704600000, 0x0000000704800000|  0%| F|  |TAMS 0x0000000704600000, 0x0000000704600000| Untracked 
|  12|0x0000000704800000, 0x0000000704800000, 0x0000000704a00000|  0%| F|  |TAMS 0x0000000704800000, 0x0000000704800000| Untracked 
|  13|0x0000000704a00000, 0x0000000704a00000, 0x0000000704c00000|  0%| F|  |TAMS 0x0000000704a00000, 0x0000000704a00000| Untracked 
|  14|0x0000000704c00000, 0x0000000704c00000, 0x0000000704e00000|  0%| F|  |TAMS 0x0000000704c00000, 0x0000000704c00000| Untracked 
|  15|0x0000000704e00000, 0x0000000704e00000, 0x0000000705000000|  0%| F|  |TAMS 0x0000000704e00000, 0x0000000704e00000| Untracked 
|  16|0x0000000705000000, 0x0000000705000000, 0x0000000705200000|  0%| F|  |TAMS 0x0000000705000000, 0x0000000705000000| Untracked 
|  17|0x0000000705200000, 0x0000000705200000, 0x0000000705400000|  0%| F|  |TAMS 0x0000000705200000, 0x0000000705200000| Untracked 
|  18|0x0000000705400000, 0x0000000705400000, 0x0000000705600000|  0%| F|  |TAMS 0x0000000705400000, 0x0000000705400000| Untracked 
|  19|0x0000000705600000, 0x0000000705600000, 0x0000000705800000|  0%| F|  |TAMS 0x0000000705600000, 0x0000000705600000| Untracked 
|  20|0x0000000705800000, 0x0000000705800000, 0x0000000705a00000|  0%| F|  |TAMS 0x0000000705800000, 0x0000000705800000| Untracked 
|  21|0x0000000705a00000, 0x0000000705a00000, 0x0000000705c00000|  0%| F|  |TAMS 0x0000000705a00000, 0x0000000705a00000| Untracked 
|  22|0x0000000705c00000, 0x0000000705c00000, 0x0000000705e00000|  0%| F|  |TAMS 0x0000000705c00000, 0x0000000705c00000| Untracked 
|  23|0x0000000705e00000, 0x0000000705e00000, 0x0000000706000000|  0%| F|  |TAMS 0x0000000705e00000, 0x0000000705e00000| Untracked 
|  24|0x0000000706000000, 0x0000000706000000, 0x0000000706200000|  0%| F|  |TAMS 0x0000000706000000, 0x0000000706000000| Untracked 
|  25|0x0000000706200000, 0x0000000706200000, 0x0000000706400000|  0%| F|  |TAMS 0x0000000706200000, 0x0000000706200000| Untracked 
|  26|0x0000000706400000, 0x0000000706400000, 0x0000000706600000|  0%| F|  |TAMS 0x0000000706400000, 0x0000000706400000| Untracked 
|  27|0x0000000706600000, 0x0000000706600000, 0x0000000706800000|  0%| F|  |TAMS 0x0000000706600000, 0x0000000706600000| Untracked 
|  28|0x0000000706800000, 0x0000000706800000, 0x0000000706a00000|  0%| F|  |TAMS 0x0000000706800000, 0x0000000706800000| Untracked 
|  29|0x0000000706a00000, 0x0000000706a00000, 0x0000000706c00000|  0%| F|  |TAMS 0x0000000706a00000, 0x0000000706a00000| Untracked 
|  30|0x0000000706c00000, 0x0000000706c00000, 0x0000000706e00000|  0%| F|  |TAMS 0x0000000706c00000, 0x0000000706c00000| Untracked 
|  31|0x0000000706e00000, 0x0000000706e00000, 0x0000000707000000|  0%| F|  |TAMS 0x0000000706e00000, 0x0000000706e00000| Untracked 
|  32|0x0000000707000000, 0x0000000707000000, 0x0000000707200000|  0%| F|  |TAMS 0x0000000707000000, 0x0000000707000000| Untracked 
|  33|0x0000000707200000, 0x0000000707200000, 0x0000000707400000|  0%| F|  |TAMS 0x0000000707200000, 0x0000000707200000| Untracked 
|  34|0x0000000707400000, 0x0000000707400000, 0x0000000707600000|  0%| F|  |TAMS 0x0000000707400000, 0x0000000707400000| Untracked 
|  35|0x0000000707600000, 0x0000000707600000, 0x0000000707800000|  0%| F|  |TAMS 0x0000000707600000, 0x0000000707600000| Untracked 
|  36|0x0000000707800000, 0x0000000707800000, 0x0000000707a00000|  0%| F|  |TAMS 0x0000000707800000, 0x0000000707800000| Untracked 
|  37|0x0000000707a00000, 0x0000000707a00000, 0x0000000707c00000|  0%| F|  |TAMS 0x0000000707a00000, 0x0000000707a00000| Untracked 
|  38|0x0000000707c00000, 0x0000000707c00000, 0x0000000707e00000|  0%| F|  |TAMS 0x0000000707c00000, 0x0000000707c00000| Untracked 
|  39|0x0000000707e00000, 0x0000000707e00000, 0x0000000708000000|  0%| F|  |TAMS 0x0000000707e00000, 0x0000000707e00000| Untracked 
|  40|0x0000000708000000, 0x0000000708000000, 0x0000000708200000|  0%| F|  |TAMS 0x0000000708000000, 0x0000000708000000| Untracked 
|  41|0x0000000708200000, 0x0000000708200000, 0x0000000708400000|  0%| F|  |TAMS 0x0000000708200000, 0x0000000708200000| Untracked 
|  42|0x0000000708400000, 0x0000000708400000, 0x0000000708600000|  0%| F|  |TAMS 0x0000000708400000, 0x0000000708400000| Untracked 
|  43|0x0000000708600000, 0x0000000708600000, 0x0000000708800000|  0%| F|  |TAMS 0x0000000708600000, 0x0000000708600000| Untracked 
|  44|0x0000000708800000, 0x0000000708800000, 0x0000000708a00000|  0%| F|  |TAMS 0x0000000708800000, 0x0000000708800000| Untracked 
|  45|0x0000000708a00000, 0x0000000708a00000, 0x0000000708c00000|  0%| F|  |TAMS 0x0000000708a00000, 0x0000000708a00000| Untracked 
|  46|0x0000000708c00000, 0x0000000708c00000, 0x0000000708e00000|  0%| F|  |TAMS 0x0000000708c00000, 0x0000000708c00000| Untracked 
|  47|0x0000000708e00000, 0x0000000708e00000, 0x0000000709000000|  0%| F|  |TAMS 0x0000000708e00000, 0x0000000708e00000| Untracked 
|  48|0x0000000709000000, 0x0000000709000000, 0x0000000709200000|  0%| F|  |TAMS 0x0000000709000000, 0x0000000709000000| Untracked 
|  49|0x0000000709200000, 0x0000000709200000, 0x0000000709400000|  0%| F|  |TAMS 0x0000000709200000, 0x0000000709200000| Untracked 
|  50|0x0000000709400000, 0x0000000709400000, 0x0000000709600000|  0%| F|  |TAMS 0x0000000709400000, 0x0000000709400000| Untracked 
|  51|0x0000000709600000, 0x0000000709600000, 0x0000000709800000|  0%| F|  |TAMS 0x0000000709600000, 0x0000000709600000| Untracked 
|  52|0x0000000709800000, 0x0000000709800000, 0x0000000709a00000|  0%| F|  |TAMS 0x0000000709800000, 0x0000000709800000| Untracked 
|  53|0x0000000709a00000, 0x0000000709a00000, 0x0000000709c00000|  0%| F|  |TAMS 0x0000000709a00000, 0x0000000709a00000| Untracked 
|  54|0x0000000709c00000, 0x0000000709c00000, 0x0000000709e00000|  0%| F|  |TAMS 0x0000000709c00000, 0x0000000709c00000| Untracked 
|  55|0x0000000709e00000, 0x0000000709e00000, 0x000000070a000000|  0%| F|  |TAMS 0x0000000709e00000, 0x0000000709e00000| Untracked 
|  56|0x000000070a000000, 0x000000070a000000, 0x000000070a200000|  0%| F|  |TAMS 0x000000070a000000, 0x000000070a000000| Untracked 
|  57|0x000000070a200000, 0x000000070a200000, 0x000000070a400000|  0%| F|  |TAMS 0x000000070a200000, 0x000000070a200000| Untracked 
|  58|0x000000070a400000, 0x000000070a400000, 0x000000070a600000|  0%| F|  |TAMS 0x000000070a400000, 0x000000070a400000| Untracked 
|  59|0x000000070a600000, 0x000000070a600000, 0x000000070a800000|  0%| F|  |TAMS 0x000000070a600000, 0x000000070a600000| Untracked 
|  60|0x000000070a800000, 0x000000070a800000, 0x000000070aa00000|  0%| F|  |TAMS 0x000000070a800000, 0x000000070a800000| Untracked 
|  61|0x000000070aa00000, 0x000000070aa00000, 0x000000070ac00000|  0%| F|  |TAMS 0x000000070aa00000, 0x000000070aa00000| Untracked 
|  62|0x000000070ac00000, 0x000000070ac00000, 0x000000070ae00000|  0%| F|  |TAMS 0x000000070ac00000, 0x000000070ac00000| Untracked 
|  63|0x000000070ae00000, 0x000000070ae00000, 0x000000070b000000|  0%| F|  |TAMS 0x000000070ae00000, 0x000000070ae00000| Untracked 
|  64|0x000000070b000000, 0x000000070b000000, 0x000000070b200000|  0%| F|  |TAMS 0x000000070b000000, 0x000000070b000000| Untracked 
|  65|0x000000070b200000, 0x000000070b200000, 0x000000070b400000|  0%| F|  |TAMS 0x000000070b200000, 0x000000070b200000| Untracked 
|  66|0x000000070b400000, 0x000000070b400000, 0x000000070b600000|  0%| F|  |TAMS 0x000000070b400000, 0x000000070b400000| Untracked 
|  67|0x000000070b600000, 0x000000070b600000, 0x000000070b800000|  0%| F|  |TAMS 0x000000070b600000, 0x000000070b600000| Untracked 
|  68|0x000000070b800000, 0x000000070b800000, 0x000000070ba00000|  0%| F|  |TAMS 0x000000070b800000, 0x000000070b800000| Untracked 
|  69|0x000000070ba00000, 0x000000070ba00000, 0x000000070bc00000|  0%| F|  |TAMS 0x000000070ba00000, 0x000000070ba00000| Untracked 
|  70|0x000000070bc00000, 0x000000070bc00000, 0x000000070be00000|  0%| F|  |TAMS 0x000000070bc00000, 0x000000070bc00000| Untracked 
|  71|0x000000070be00000, 0x000000070be00000, 0x000000070c000000|  0%| F|  |TAMS 0x000000070be00000, 0x000000070be00000| Untracked 
|  72|0x000000070c000000, 0x000000070c000000, 0x000000070c200000|  0%| F|  |TAMS 0x000000070c000000, 0x000000070c000000| Untracked 
|  73|0x000000070c200000, 0x000000070c200000, 0x000000070c400000|  0%| F|  |TAMS 0x000000070c200000, 0x000000070c200000| Untracked 
|  74|0x000000070c400000, 0x000000070c400000, 0x000000070c600000|  0%| F|  |TAMS 0x000000070c400000, 0x000000070c400000| Untracked 
|  75|0x000000070c600000, 0x000000070c600000, 0x000000070c800000|  0%| F|  |TAMS 0x000000070c600000, 0x000000070c600000| Untracked 
|  76|0x000000070c800000, 0x000000070c800000, 0x000000070ca00000|  0%| F|  |TAMS 0x000000070c800000, 0x000000070c800000| Untracked 
|  77|0x000000070ca00000, 0x000000070ca00000, 0x000000070cc00000|  0%| F|  |TAMS 0x000000070ca00000, 0x000000070ca00000| Untracked 
|  78|0x000000070cc00000, 0x000000070cc00000, 0x000000070ce00000|  0%| F|  |TAMS 0x000000070cc00000, 0x000000070cc00000| Untracked 
|  79|0x000000070ce00000, 0x000000070ce00000, 0x000000070d000000|  0%| F|  |TAMS 0x000000070ce00000, 0x000000070ce00000| Untracked 
|  80|0x000000070d000000, 0x000000070d000000, 0x000000070d200000|  0%| F|  |TAMS 0x000000070d000000, 0x000000070d000000| Untracked 
|  81|0x000000070d200000, 0x000000070d200000, 0x000000070d400000|  0%| F|  |TAMS 0x000000070d200000, 0x000000070d200000| Untracked 
|  82|0x000000070d400000, 0x000000070d400000, 0x000000070d600000|  0%| F|  |TAMS 0x000000070d400000, 0x000000070d400000| Untracked 
|  83|0x000000070d600000, 0x000000070d600000, 0x000000070d800000|  0%| F|  |TAMS 0x000000070d600000, 0x000000070d600000| Untracked 
|  84|0x000000070d800000, 0x000000070d800000, 0x000000070da00000|  0%| F|  |TAMS 0x000000070d800000, 0x000000070d800000| Untracked 
|  85|0x000000070da00000, 0x000000070da00000, 0x000000070dc00000|  0%| F|  |TAMS 0x000000070da00000, 0x000000070da00000| Untracked 
|  86|0x000000070dc00000, 0x000000070dc00000, 0x000000070de00000|  0%| F|  |TAMS 0x000000070dc00000, 0x000000070dc00000| Untracked 
|  87|0x000000070de00000, 0x000000070de00000, 0x000000070e000000|  0%| F|  |TAMS 0x000000070de00000, 0x000000070de00000| Untracked 
|  88|0x000000070e000000, 0x000000070e000000, 0x000000070e200000|  0%| F|  |TAMS 0x000000070e000000, 0x000000070e000000| Untracked 
|  89|0x000000070e200000, 0x000000070e200000, 0x000000070e400000|  0%| F|  |TAMS 0x000000070e200000, 0x000000070e200000| Untracked 
|  90|0x000000070e400000, 0x000000070e400000, 0x000000070e600000|  0%| F|  |TAMS 0x000000070e400000, 0x000000070e400000| Untracked 
|  91|0x000000070e600000, 0x000000070e600000, 0x000000070e800000|  0%| F|  |TAMS 0x000000070e600000, 0x000000070e600000| Untracked 
|  92|0x000000070e800000, 0x000000070e800000, 0x000000070ea00000|  0%| F|  |TAMS 0x000000070e800000, 0x000000070e800000| Untracked 
|  93|0x000000070ea00000, 0x000000070ea00000, 0x000000070ec00000|  0%| F|  |TAMS 0x000000070ea00000, 0x000000070ea00000| Untracked 
|  94|0x000000070ec00000, 0x000000070ec00000, 0x000000070ee00000|  0%| F|  |TAMS 0x000000070ec00000, 0x000000070ec00000| Untracked 
|  95|0x000000070ee00000, 0x000000070ee00000, 0x000000070f000000|  0%| F|  |TAMS 0x000000070ee00000, 0x000000070ee00000| Untracked 
|  96|0x000000070f000000, 0x000000070f000000, 0x000000070f200000|  0%| F|  |TAMS 0x000000070f000000, 0x000000070f000000| Untracked 
|  97|0x000000070f200000, 0x000000070f200000, 0x000000070f400000|  0%| F|  |TAMS 0x000000070f200000, 0x000000070f200000| Untracked 
|  98|0x000000070f400000, 0x000000070f400000, 0x000000070f600000|  0%| F|  |TAMS 0x000000070f400000, 0x000000070f400000| Untracked 
|  99|0x000000070f600000, 0x000000070f600000, 0x000000070f800000|  0%| F|  |TAMS 0x000000070f600000, 0x000000070f600000| Untracked 
| 100|0x000000070f800000, 0x000000070f800000, 0x000000070fa00000|  0%| F|  |TAMS 0x000000070f800000, 0x000000070f800000| Untracked 
| 101|0x000000070fa00000, 0x000000070fa00000, 0x000000070fc00000|  0%| F|  |TAMS 0x000000070fa00000, 0x000000070fa00000| Untracked 
| 102|0x000000070fc00000, 0x000000070fc00000, 0x000000070fe00000|  0%| F|  |TAMS 0x000000070fc00000, 0x000000070fc00000| Untracked 
| 103|0x000000070fe00000, 0x000000070fe00000, 0x0000000710000000|  0%| F|  |TAMS 0x000000070fe00000, 0x000000070fe00000| Untracked 
| 104|0x0000000710000000, 0x0000000710000000, 0x0000000710200000|  0%| F|  |TAMS 0x0000000710000000, 0x0000000710000000| Untracked 
| 105|0x0000000710200000, 0x0000000710200000, 0x0000000710400000|  0%| F|  |TAMS 0x0000000710200000, 0x0000000710200000| Untracked 
| 106|0x0000000710400000, 0x0000000710400000, 0x0000000710600000|  0%| F|  |TAMS 0x0000000710400000, 0x0000000710400000| Untracked 
| 107|0x0000000710600000, 0x0000000710600000, 0x0000000710800000|  0%| F|  |TAMS 0x0000000710600000, 0x0000000710600000| Untracked 
| 108|0x0000000710800000, 0x0000000710800000, 0x0000000710a00000|  0%| F|  |TAMS 0x0000000710800000, 0x0000000710800000| Untracked 
| 109|0x0000000710a00000, 0x0000000710a00000, 0x0000000710c00000|  0%| F|  |TAMS 0x0000000710a00000, 0x0000000710a00000| Untracked 
| 110|0x0000000710c00000, 0x0000000710c00000, 0x0000000710e00000|  0%| F|  |TAMS 0x0000000710c00000, 0x0000000710c00000| Untracked 
| 111|0x0000000710e00000, 0x0000000710e00000, 0x0000000711000000|  0%| F|  |TAMS 0x0000000710e00000, 0x0000000710e00000| Untracked 
| 112|0x0000000711000000, 0x0000000711000000, 0x0000000711200000|  0%| F|  |TAMS 0x0000000711000000, 0x0000000711000000| Untracked 
| 113|0x0000000711200000, 0x0000000711200000, 0x0000000711400000|  0%| F|  |TAMS 0x0000000711200000, 0x0000000711200000| Untracked 
| 114|0x0000000711400000, 0x0000000711400000, 0x0000000711600000|  0%| F|  |TAMS 0x0000000711400000, 0x0000000711400000| Untracked 
| 115|0x0000000711600000, 0x0000000711600000, 0x0000000711800000|  0%| F|  |TAMS 0x0000000711600000, 0x0000000711600000| Untracked 
| 116|0x0000000711800000, 0x0000000711800000, 0x0000000711a00000|  0%| F|  |TAMS 0x0000000711800000, 0x0000000711800000| Untracked 
| 117|0x0000000711a00000, 0x0000000711a00000, 0x0000000711c00000|  0%| F|  |TAMS 0x0000000711a00000, 0x0000000711a00000| Untracked 
| 118|0x0000000711c00000, 0x0000000711c00000, 0x0000000711e00000|  0%| F|  |TAMS 0x0000000711c00000, 0x0000000711c00000| Untracked 
| 119|0x0000000711e00000, 0x0000000711e00000, 0x0000000712000000|  0%| F|  |TAMS 0x0000000711e00000, 0x0000000711e00000| Untracked 
| 120|0x0000000712000000, 0x0000000712000000, 0x0000000712200000|  0%| F|  |TAMS 0x0000000712000000, 0x0000000712000000| Untracked 
| 121|0x0000000712200000, 0x0000000712200000, 0x0000000712400000|  0%| F|  |TAMS 0x0000000712200000, 0x0000000712200000| Untracked 
| 122|0x0000000712400000, 0x0000000712400000, 0x0000000712600000|  0%| F|  |TAMS 0x0000000712400000, 0x0000000712400000| Untracked 
| 123|0x0000000712600000, 0x0000000712600000, 0x0000000712800000|  0%| F|  |TAMS 0x0000000712600000, 0x0000000712600000| Untracked 
| 124|0x0000000712800000, 0x0000000712800000, 0x0000000712a00000|  0%| F|  |TAMS 0x0000000712800000, 0x0000000712800000| Untracked 
| 125|0x0000000712a00000, 0x0000000712bc3690, 0x0000000712c00000| 88%| E|  |TAMS 0x0000000712a00000, 0x0000000712a00000| Complete 
| 126|0x0000000712c00000, 0x0000000712e00000, 0x0000000712e00000|100%| E|CS|TAMS 0x0000000712c00000, 0x0000000712c00000| Complete 

Card table byte_map: [0x000001a07ccd0000,0x000001a07d4c0000] _byte_map_base: 0x000001a0794b8000

Marking Bits (Prev, Next): (CMBitMap*) 0x000001a079f1cab0, (CMBitMap*) 0x000001a079f1caf0
 Prev Bits: [0x000001a016870000, 0x000001a01a7b0000)
 Next Bits: [0x000001a01a7b0000, 0x000001a01e6f0000)

Polling page: 0x000001a079aa0000

Metaspace:

Usage:
  Non-class:    674.12 KB used.
      Class:     55.37 KB used.
       Both:    729.48 KB used.

Virtual space:
  Non-class space:       64.00 MB reserved,     704.00 KB (  1%) committed,  1 nodes.
      Class space:        1.00 GB reserved,     128.00 KB ( <1%) committed,  1 nodes.
             Both:        1.06 GB reserved,     832.00 KB ( <1%) committed. 

Chunk freelists:
   Non-Class:  3.95 MB
       Class:  3.72 MB
        Both:  7.67 MB

MaxMetaspaceSize: unlimited
CompressedClassSpaceSize: 1.00 GB
Initial GC threshold: 21.00 MB
Current GC threshold: 21.00 MB
CDS: on
MetaspaceReclaimPolicy: balanced
 - commit_granule_bytes: 65536.
 - commit_granule_words: 8192.
 - virtual_space_node_default_size: 8388608.
 - enlarge_chunks_in_place: 1.
 - new_chunks_are_fully_committed: 0.
 - uncommit_free_chunks: 1.
 - use_allocation_guard: 0.


Internal statistics:

num_allocs_failed_limit: 0.
num_arena_births: 42.
num_arena_deaths: 0.
num_vsnodes_births: 2.
num_vsnodes_deaths: 0.
num_space_committed: 13.
num_space_uncommitted: 0.
num_chunks_returned_to_freelist: 0.
num_chunks_taken_from_freelist: 47.
num_chunk_merges: 0.
num_chunk_splits: 31.
num_chunks_enlarged: 20.
num_inconsistent_stats: 0.

CodeHeap 'non-profiled nmethods': size=120000Kb used=93Kb max_used=93Kb free=119906Kb
 bounds [0x000001a00f340000, 0x000001a00f5b0000, 0x000001a016870000]
CodeHeap 'profiled nmethods': size=120000Kb used=292Kb max_used=292Kb free=119707Kb
 bounds [0x000001a007e10000, 0x000001a008080000, 0x000001a00f340000]
CodeHeap 'non-nmethods': size=5760Kb used=1132Kb max_used=1143Kb free=4627Kb
 bounds [0x000001a007870000, 0x000001a007ae0000, 0x000001a007e10000]
 total_blobs=655 nmethods=253 adapters=315
 compilation: enabled
              stopped_count=0, restarted_count=0
 full_count=0

Compilation events (20 events):
Event: 0.134 Thread 0x000001a01edec260 nmethod 249 0x000001a00f356010 code [0x000001a00f3561a0, 0x000001a00f3562a8]
Event: 0.135 Thread 0x000001a01edf11a0 nmethod 232 0x000001a007e4e890 code [0x000001a007e4f7a0, 0x000001a007e56478]
Event: 0.135 Thread 0x000001a01edf11a0  252       3       java.lang.invoke.LambdaForm$Name::useCount (51 bytes)
Event: 0.135 Thread 0x000001a01edf11a0 nmethod 252 0x000001a007e58110 code [0x000001a007e582c0, 0x000001a007e58538]
Event: 0.135 Thread 0x000001a01edf11a0  239       3       java.lang.Number::<init> (5 bytes)
Event: 0.136 Thread 0x000001a01edf11a0 nmethod 239 0x000001a007e58610 code [0x000001a007e587a0, 0x000001a007e588f8]
Event: 0.136 Thread 0x000001a01edf11a0  227       1       java.lang.invoke.LambdaForm$Name::index (5 bytes)
Event: 0.136 Thread 0x000001a01edf11a0 nmethod 227 0x000001a00f356710 code [0x000001a00f3568a0, 0x000001a00f356978]
Event: 0.136 Thread 0x000001a01edf11a0  243       1       java.lang.invoke.LambdaForm$Name::type (5 bytes)
Event: 0.136 Thread 0x000001a01edf11a0 nmethod 243 0x000001a00f356a10 code [0x000001a00f356ba0, 0x000001a00f356c78]
Event: 0.136 Thread 0x000001a01edf11a0  236       1       java.lang.invoke.LambdaForm$BasicType::basicTypeClass (5 bytes)
Event: 0.136 Thread 0x000001a01edf11a0 nmethod 236 0x000001a00f356d10 code [0x000001a00f356ea0, 0x000001a00f356f78]
Event: 0.136 Thread 0x000001a01edf11a0  224       1       sun.invoke.util.Wrapper::basicTypeChar (5 bytes)
Event: 0.136 Thread 0x000001a01edf11a0 nmethod 224 0x000001a00f357010 code [0x000001a00f3571a0, 0x000001a00f357278]
Event: 0.136 Thread 0x000001a01edf11a0  231       3       java.lang.String::indexOf (7 bytes)
Event: 0.136 Thread 0x000001a01edf11a0 nmethod 231 0x000001a007e58990 code [0x000001a007e58b60, 0x000001a007e58e78]
Event: 0.136 Thread 0x000001a01edf11a0  253       3       java.lang.invoke.MemberName::flagsMods (73 bytes)
Event: 0.136 Thread 0x000001a01edf11a0 nmethod 253 0x000001a007e58f90 code [0x000001a007e59120, 0x000001a007e59258]
Event: 0.136 Thread 0x000001a01edf11a0  245       1       java.lang.invoke.MethodHandles$Lookup::lookupClass (5 bytes)
Event: 0.136 Thread 0x000001a01edf11a0 nmethod 245 0x000001a00f357310 code [0x000001a00f3574a0, 0x000001a00f357578]

GC Heap History (0 events):
No events

Deoptimization events (4 events):
Event: 0.125 Thread 0x000001a079eae770 Uncommon trap: trap_request=0xffffff45 fr.pc=0x000001a00f34feac relative=0x00000000000000ac
Event: 0.125 Thread 0x000001a079eae770 Uncommon trap: reason=unstable_if action=reinterpret pc=0x000001a00f34feac method=java.lang.String.isLatin1()Z @ 10 c2
Event: 0.125 Thread 0x000001a079eae770 DEOPT PACKING pc=0x000001a00f34feac sp=0x000000172b4fee30
Event: 0.125 Thread 0x000001a079eae770 DEOPT UNPACKING pc=0x000001a0078c23a3 sp=0x000000172b4fed70 mode 2

Classes loaded (20 events):
Event: 0.133 Loading class java/net/SocksSocketImpl$3 done
Event: 0.133 Loading class java/net/ProxySelector
Event: 0.133 Loading class java/net/ProxySelector done
Event: 0.133 Loading class sun/net/spi/DefaultProxySelector
Event: 0.133 Loading class sun/net/spi/DefaultProxySelector done
Event: 0.134 Loading class java/net/Proxy
Event: 0.134 Loading class java/net/Proxy done
Event: 0.134 Loading class java/net/Proxy$Type
Event: 0.134 Loading class java/net/Proxy$Type done
Event: 0.134 Loading class sun/net/spi/DefaultProxySelector$1
Event: 0.134 Loading class sun/net/spi/DefaultProxySelector$1 done
Event: 0.134 Loading class sun/net/NetProperties
Event: 0.134 Loading class sun/net/NetProperties done
Event: 0.135 Loading class sun/net/NetProperties$1
Event: 0.135 Loading class sun/net/NetProperties$1 done
Event: 0.137 Loading class sun/net/spi/DefaultProxySelector$NonProxyInfo
Event: 0.137 Loading class sun/net/spi/DefaultProxySelector$NonProxyInfo done
Event: 0.137 Loading class sun/net/spi/DefaultProxySelector$3
Event: 0.137 Loading class sun/net/spi/DefaultProxySelector$3 done
Event: 0.137 Loading class sun/net/NetHooks

Classes unloaded (0 events):
No events

Classes redefined (1 events):
Event: 0.123 Thread 0x000001a079f43a60 redefined class name=java.io.FileOutputStream, count=1

Internal exceptions (3 events):
Event: 0.112 Thread 0x000001a079eae770 Exception <a 'java/lang/NoSuchMethodError'{0x0000000712a17940}: 'void java.lang.invoke.DirectMethodHandle$Holder.invokeStatic(java.lang.Object, java.lang.Object, java.lang.Object)'> (0x0000000712a17940) 
thrown [s\open\src\hotspot\share\interpreter\linkResolver.cpp, line 759]
Event: 0.116 Thread 0x000001a079eae770 Exception <a 'java/lang/NoSuchMethodError'{0x0000000712a30658}: 'java.lang.Object java.lang.invoke.Invokers$Holder.invokeExact_MT(java.lang.Object, java.lang.Object, java.lang.Object, java.lang.Object, java.lang.Object)'> (0x0000000712a30658) 
thrown [s\open\src\hotspot\share\interpreter\linkResolver.cpp, line 759]
Event: 0.131 Thread 0x000001a02315f8c0 Exception <a 'java/lang/NoSuchMethodError'{0x0000000712a77e00}: 'void java.lang.invoke.DirectMethodHandle$Holder.invokeStatic(java.lang.Object, java.lang.Object)'> (0x0000000712a77e00) 
thrown [s\open\src\hotspot\share\interpreter\linkResolver.cpp, line 759]

VM Operations (6 events):
Event: 0.078 Executing VM operation: HandshakeAllThreads
Event: 0.078 Executing VM operation: HandshakeAllThreads done
Event: 0.122 Executing VM operation: RedefineClasses
Event: 0.123 Executing VM operation: RedefineClasses done
Event: 0.126 Executing VM operation: HandshakeAllThreads
Event: 0.126 Executing VM operation: HandshakeAllThreads done

Events (20 events):
Event: 0.036 Thread 0x000001a01edccd40 Thread added: 0x000001a01edccd40
Event: 0.050 Thread 0x000001a01ede7b20 Thread added: 0x000001a01ede7b20
Event: 0.050 Thread 0x000001a01ede83d0 Thread added: 0x000001a01ede83d0
Event: 0.050 Thread 0x000001a01ede8c80 Thread added: 0x000001a01ede8c80
Event: 0.050 Thread 0x000001a01ede9670 Thread added: 0x000001a01ede9670
Event: 0.050 Thread 0x000001a01edec260 Thread added: 0x000001a01edec260
Event: 0.050 Thread 0x000001a01edf11a0 Thread added: 0x000001a01edf11a0
Event: 0.050 Thread 0x000001a01edfdab0 Thread added: 0x000001a01edfdab0
Event: 0.071 Thread 0x000001a01eda9c20 Thread added: 0x000001a01eda9c20
Event: 0.091 Loaded shared library C:\Program Files\Java\jdk-18.0.2.1\bin\zip.dll
Event: 0.095 Loaded shared library C:\Program Files\Java\jdk-18.0.2.1\bin\instrument.dll
Event: 0.103 Loaded shared library C:\Program Files\Java\jdk-18.0.2.1\bin\net.dll
Event: 0.106 Loaded shared library C:\Program Files\Java\jdk-18.0.2.1\bin\nio.dll
Event: 0.111 Loaded shared library C:\Program Files\Java\jdk-18.0.2.1\bin\zip.dll
Event: 0.120 Loaded shared library C:\Users\hamza.iqbal1\AppData\Local\JetBrains\IntelliJ IDEA 2023.1.2\bin\breakgen64.dll
Event: 0.121 Thread 0x000001a02315f8c0 Thread added: 0x000001a02315f8c0
Event: 0.124 Thread 0x000001a023162c70 Thread added: 0x000001a023162c70
Event: 0.137 Thread 0x000001a079eae770 Thread exited: 0x000001a079eae770
Event: 0.137 Thread 0x000001a079eae770 Thread added: 0x000001a079eae770
Event: 0.137 Thread 0x000001a079eae770 Thread exited: 0x000001a079eae770


Dynamic libraries:
0x00007ff747ad0000 - 0x00007ff747ae0000 	C:\Program Files\Java\jdk-18.0.2.1\bin\java.exe
0x00007ffa5a950000 - 0x00007ffa5ab48000 	C:\Windows\SYSTEM32\ntdll.dll
0x00007ffa5a6b0000 - 0x00007ffa5a76d000 	C:\Windows\System32\KERNEL32.DLL
0x00007ffa5a3b0000 - 0x00007ffa5a6a6000 	C:\Windows\System32\KERNELBASE.dll
0x0000000073160000 - 0x000000007319b000 	C:\Windows\System32\cyinjct.dll
0x00007ffa5a230000 - 0x00007ffa5a23c000 	C:\Windows\System32\ntnativeapi.dll
0x00007ffa4fcf0000 - 0x00007ffa4fd08000 	C:\Program Files\Java\jdk-18.0.2.1\bin\jli.dll
0x00007ffa58dd0000 - 0x00007ffa58e7e000 	C:\Windows\System32\ADVAPI32.dll
0x00007ffa58b60000 - 0x00007ffa58bfe000 	C:\Windows\System32\msvcrt.dll
0x00007ffa589a0000 - 0x00007ffa58a3c000 	C:\Windows\System32\sechost.dll
0x00007ffa5a280000 - 0x00007ffa5a3a6000 	C:\Windows\System32\RPCRT4.dll
0x000001a079bb0000 - 0x000001a079d4e000 	C:\Windows\System32\USER32.dll
0x00007ffa58560000 - 0x00007ffa58582000 	C:\Windows\System32\win32u.dll
0x00007ffa58970000 - 0x00007ffa5899c000 	C:\Windows\System32\GDI32.dll
0x00007ffa57f90000 - 0x00007ffa580aa000 	C:\Windows\System32\gdi32full.dll
0x00007ffa582f0000 - 0x00007ffa5838d000 	C:\Windows\System32\msvcp_win.dll
0x000001a079d50000 - 0x000001a079e50000 	C:\Windows\System32\ucrtbase.dll
0x00007ffa49910000 - 0x00007ffa4992a000 	C:\Program Files\Java\jdk-18.0.2.1\bin\VCRUNTIME140.dll
0x00007ffa3de70000 - 0x00007ffa3e10a000 	C:\Windows\WinSxS\amd64_microsoft.windows.common-controls_6595b64144ccf1df_6.0.19041.1110_none_60b5254171f9507e\COMCTL32.dll
0x00007ffa4c5d0000 - 0x00007ffa4c5da000 	C:\Windows\SYSTEM32\VERSION.dll
0x00007ffa5a210000 - 0x00007ffa5a22e000 	C:\Windows\System32\cyvera.dll
0x00007ffa5a1a0000 - 0x00007ffa5a20b000 	C:\Windows\System32\cyvrtrap.dll
0x00007ffa587a0000 - 0x00007ffa587d0000 	C:\Windows\System32\IMM32.DLL
0x00007ffa4fce0000 - 0x00007ffa4fcec000 	C:\Program Files\Java\jdk-18.0.2.1\bin\vcruntime140_1.dll
0x00007ffa27c60000 - 0x00007ffa27ced000 	C:\Program Files\Java\jdk-18.0.2.1\bin\msvcp140.dll
0x00007ff9c0930000 - 0x00007ff9c1541000 	C:\Program Files\Java\jdk-18.0.2.1\bin\server\jvm.dll
0x00007ffa58900000 - 0x00007ffa58908000 	C:\Windows\System32\PSAPI.DLL
0x00007ffa38e90000 - 0x00007ffa38e99000 	C:\Windows\SYSTEM32\WSOCK32.dll
0x00007ffa58d60000 - 0x00007ffa58dcb000 	C:\Windows\System32\WS2_32.dll
0x00007ffa3bf50000 - 0x00007ffa3bf77000 	C:\Windows\SYSTEM32\WINMM.dll
0x00007ffa569b0000 - 0x00007ffa569c2000 	C:\Windows\SYSTEM32\kernel.appcore.dll
0x00007ffa4fc60000 - 0x00007ffa4fc6a000 	C:\Program Files\Java\jdk-18.0.2.1\bin\jimage.dll
0x00007ffa56250000 - 0x00007ffa56434000 	C:\Windows\SYSTEM32\DBGHELP.DLL
0x00007ffa36130000 - 0x00007ffa36164000 	C:\Windows\SYSTEM32\dbgcore.DLL
0x00007ffa58260000 - 0x00007ffa582e2000 	C:\Windows\System32\bcryptPrimitives.dll
0x00007ffa4b360000 - 0x00007ffa4b36e000 	C:\Program Files\Java\jdk-18.0.2.1\bin\instrument.dll
0x00007ffa498e0000 - 0x00007ffa49905000 	C:\Program Files\Java\jdk-18.0.2.1\bin\java.dll
0x00007ffa5a160000 - 0x00007ffa5a197000 	C:\Program Files\Palo Alto Networks\Traps\cyjagent.dll
0x00007ffa23fe0000 - 0x00007ffa240b6000 	C:\Program Files\Java\jdk-18.0.2.1\bin\jsvml.dll
0x00007ffa59810000 - 0x00007ffa59f55000 	C:\Windows\System32\SHELL32.dll
0x00007ffa559e0000 - 0x00007ffa5617b000 	C:\Windows\SYSTEM32\windows.storage.dll
0x00007ffa59420000 - 0x00007ffa59774000 	C:\Windows\System32\combase.dll
0x00007ffa57950000 - 0x00007ffa5797e000 	C:\Windows\SYSTEM32\Wldp.dll
0x00007ffa5a0b0000 - 0x00007ffa5a15d000 	C:\Windows\System32\SHCORE.dll
0x00007ffa59f60000 - 0x00007ffa59fb5000 	C:\Windows\System32\shlwapi.dll
0x00007ffa57e40000 - 0x00007ffa57e65000 	C:\Windows\SYSTEM32\profapi.dll
0x00007ffa3b640000 - 0x00007ffa3b658000 	C:\Program Files\Java\jdk-18.0.2.1\bin\zip.dll
0x00007ffa467a0000 - 0x00007ffa467b3000 	C:\Program Files\Java\jdk-18.0.2.1\bin\net.dll
0x00007ffa497c0000 - 0x00007ffa498ca000 	C:\Windows\SYSTEM32\WINHTTP.dll
0x00007ffa576b0000 - 0x00007ffa5771a000 	C:\Windows\system32\mswsock.dll
0x00007ffa3b6a0000 - 0x00007ffa3b6b6000 	C:\Program Files\Java\jdk-18.0.2.1\bin\nio.dll
0x00007ffa3b620000 - 0x00007ffa3b63a000 	C:\Users\hamza.iqbal1\AppData\Local\JetBrains\IntelliJ IDEA 2023.1.2\bin\breakgen64.dll

dbghelp: loaded successfully - version: 4.0.5 - missing functions: none
symbol engine: initialized successfully - sym options: 0x614 - pdb path: .;C:\Program Files\Java\jdk-18.0.2.1\bin;C:\Windows\SYSTEM32;C:\Windows\WinSxS\amd64_microsoft.windows.common-controls_6595b64144ccf1df_6.0.19041.1110_none_60b5254171f9507e;C:\Program Files\Java\jdk-18.0.2.1\bin\server;C:\Program Files\Palo Alto Networks\Traps;C:\Users\hamza.iqbal1\AppData\Local\JetBrains\IntelliJ IDEA 2023.1.2\bin

VM Arguments:
jvm_args: -javaagent:C:\Users\hamza.iqbal1\AppData\Local\JetBrains\IntelliJ IDEA 2023.1.2\lib\idea_rt.jar=60437:C:\Users\hamza.iqbal1\AppData\Local\JetBrains\IntelliJ IDEA 2023.1.2\bin -Dfile.encoding=UTF-8 -Dsun.stdout.encoding=UTF-8 -Dsun.stderr.encoding=UTF-8 -agentpath:C:\Program Files\Palo Alto Networks\Traps\cyjagent.dll 
java_command: oop.WrapperClass
java_class_path (initial): C:\Users\hamza.iqbal1\IdeaProjects\testproject\target\classes
Launcher Type: SUN_STANDARD

[Global flags]
     intx CICompilerCount                          = 4                                         {product} {ergonomic}
     uint ConcGCThreads                            = 2                                         {product} {ergonomic}
     uint G1ConcRefinementThreads                  = 8                                         {product} {ergonomic}
   size_t G1HeapRegionSize                         = 2097152                                   {product} {ergonomic}
    uintx GCDrainStackTargetSize                   = 64                                        {product} {ergonomic}
   size_t InitialHeapSize                          = 266338304                                 {product} {ergonomic}
   size_t MarkStackSize                            = 4194304                                   {product} {ergonomic}
   size_t MaxHeapSize                              = 4244635648                                {product} {ergonomic}
   size_t MaxNewSize                               = 2545942528                                {product} {ergonomic}
   size_t MinHeapDeltaBytes                        = 2097152                                   {product} {ergonomic}
   size_t MinHeapSize                              = 8388608                                   {product} {ergonomic}
    uintx NonNMethodCodeHeapSize                   = 5839372                                {pd product} {ergonomic}
    uintx NonProfiledCodeHeapSize                  = 122909434                              {pd product} {ergonomic}
    uintx ProfiledCodeHeapSize                     = 122909434                              {pd product} {ergonomic}
    uintx ReservedCodeCacheSize                    = 251658240                              {pd product} {ergonomic}
     bool SegmentedCodeCache                       = true                                      {product} {ergonomic}
   size_t SoftMaxHeapSize                          = 4244635648                             {manageable} {ergonomic}
     bool UseCompressedClassPointers               = true                           {product lp64_product} {ergonomic}
     bool UseCompressedOops                        = true                           {product lp64_product} {ergonomic}
     bool UseG1GC                                  = true                                      {product} {ergonomic}
     bool UseLargePagesIndividualAllocation        = false                                  {pd product} {ergonomic}

Logging:
Log output configuration:
 #0: stdout all=warning uptime,level,tags foldmultilines=false
 #1: stderr all=off uptime,level,tags foldmultilines=false

Environment Variables:
PATH=C:\Program Files\Common Files\Oracle\Java\javapath;C:\Windows\system32;C:\Windows;C:\Windows\System32\Wbem;C:\Windows\System32\WindowsPowerShell\v1.0\;C:\Windows\System32\OpenSSH\;";%PYTHON%;";C:\Program Files\Microsoft VS Code\bin;C:\Program Files\nodejs\;C:\Users\hamza.iqbal1\AppData\Local\Microsoft\WindowsApps;D:\Hamza\Git\cmd
USERNAME=hamza.iqbal1
OS=Windows_NT
PROCESSOR_IDENTIFIER=Intel64 Family 6 Model 142 Stepping 12, GenuineIntel



---------------  S Y S T E M  ---------------

OS:
 Windows 10 , 64 bit Build 19041 (10.0.19041.3393)
OS uptime: 5 days 20:51 hours

CPU: total 8 (initial active 8) (4 cores per cpu, 2 threads per core) family 6 model 142 stepping 12 microcode 0xf0, cx8, cmov, fxsr, ht, mmx, 3dnowpref, sse, sse2, sse3, ssse3, sse4.1, sse4.2, popcnt, lzcnt, tsc, tscinvbit, avx, avx2, aes, erms, clmul, bmi1, bmi2, adx, fma, vzeroupper, clflush, clflushopt

Memory: 4k page, system-wide physical 16190M (2373M free)
TotalPageFile size 28990M (AvailPageFile size 11852M)
current process WorkingSet (physical memory assigned to process): 37M, peak: 37M
current process commit charge ("private bytes"): 344M, peak: 345M

vm_info: Java HotSpot(TM) 64-Bit Server VM (18.0.2.1+1-1) for windows-amd64 JRE (18.0.2.1+1-1), built on Aug 16 2022 01:46:33 by "mach5one" with MS VC++ 16.8 / 16.9 (VS2019)

END.
